<?xml version="1.0" encoding="UTF-8"?>
<!-- Generated by org.testng.reporters.JUnitReportReporter -->
<testsuite hostname="DESKTOP-90QJLDT" failures="0" tests="4" name="TestRunner.Run" time="23.793" errors="0" timestamp="2026-03-07T14:24:22 IST" skipped="0">
  <testcase classname="TestRunner.Run" name="runScenario" time="11.005"/>
  <testcase classname="TestRunner.Run" name="runScenario" time="7.481"/>
  <testcase classname="TestRunner.Run" name="runScenario" time="0.724"/>
  <testcase classname="TestRunner.Run" name="runScenario" time="4.583"/>
</testsuite> <!-- TestRunner.Run -->
